<?xml version="1.0" encoding="UTF-8"?>
<testng-results skipped="0" failed="0" ignored="0" total="1" passed="1">
  <reporter-output>
  </reporter-output>
  <suite name="Default suite" duration-ms="12579" started-at="2021-02-15T15:38:12Z" finished-at="2021-02-15T15:38:24Z">
    <groups>
    </groups>
    <test name="Default test" duration-ms="12579" started-at="2021-02-15T15:38:12Z" finished-at="2021-02-15T15:38:24Z">
      <class name="WAY.Automate.Bank">
        <test-method status="PASS" signature="setUpBeforeClass1()[pri:0, instance:WAY.Automate.Bank@475530b9]" name="setUpBeforeClass1" is-config="true" duration-ms="10" started-at="2021-02-15T15:38:12Z" finished-at="2021-02-15T15:38:12Z">
          <reporter-output>
          </reporter-output>
        </test-method> <!-- setUpBeforeClass1 -->
        <test-method status="PASS" signature="test()[pri:0, instance:WAY.Automate.Bank@475530b9]" name="test" duration-ms="12551" started-at="2021-02-15T15:38:12Z" finished-at="2021-02-15T15:38:24Z">
          <reporter-output>
          </reporter-output>
        </test-method> <!-- test -->
      </class> <!-- WAY.Automate.Bank -->
    </test> <!-- Default test -->
  </suite> <!-- Default suite -->
</testng-results>
